<?xml version="1.0" encoding="UTF-8"?>
<testsuite xmlns:xsi="http://www.w3.org/2001/XMLSchema-instance" xsi:noNamespaceSchemaLocation="https://maven.apache.org/surefire/maven-surefire-plugin/xsd/surefire-test-report.xsd" version="3.0.2" name="apitests.RunCucumberTest" time="4.883" tests="6" errors="0" skipped="0" failures="0">
  <properties>
[...]
</properties>
  <testcase name="Gestión de usuarios vía API REST - Crear un nuevo usuario" classname="Gestión de usuarios vía API REST" time="2.801">
    <system-out><![CDATA[
Scenario: Crear un nuevo usuario                                 &amp#27;[90m# apitests/user.feature:6&amp#27;[0m
  &amp#27;[32mGiven &amp#27;[0m&amp#27;[32mla API está disponible en &amp#27;[0m&amp#27;[32m&amp#27;[1m"http://localhost:8087/api/v1"&amp#27;[0m &amp#27;[90m# apitests.StepDefinitions.la_api_esta_disponible(java.lang.String)&amp#27;[0m
  &amp#27;[32mWhen &amp#27;[0m&amp#27;[32menvío una solicitud POST a &amp#27;[0m&amp#27;[32m&amp#27;[1m"/users"&amp#27;[0m&amp#27;[32m con el cuerpo:&amp#27;[0m        &amp#27;[90m# apitests.StepDefinitions.envio_post_con_body(java.lang.String,java.lang.String)&amp#27;[0m
    """
    {
     "username": "jose.alejandro",
      "password": "Password1)S1",
      "firstName": "Jose",
      "lastName": "Zapata",
      "email": "josezapata75235@gmail.com",
      "country": "Colombia",
      "phonePrefix": "+57",
      "phone": "3152971212",
      "dateBirth": "2000-02-03",
      "role": "PROFESSOR"
    }
    """
  &amp#27;[32mThen &amp#27;[0m&amp#27;[32mla respuesta debe tener un código &amp#27;[0m&amp#27;[32m&amp#27;[1m201&amp#27;[0m                     &amp#27;[90m# apitests.StepDefinitions.verificar_codigo(int)&amp#27;[0m
  &amp#27;[32mAnd &amp#27;[0m&amp#27;[32mel cuerpo de respuesta debe contener el campo &amp#27;[0m&amp#27;[32m&amp#27;[1m"id"&amp#27;[0m         &amp#27;[90m# apitests.StepDefinitions.verificar_campo_en_respuesta(java.lang.String)&amp#27;[0m
]]></system-out>
  </testcase>
  <testcase name="Gestión de usuarios vía API REST - Solicitar al servidor el jwt" classname="Gestión de usuarios vía API REST" time="0.315">
    <system-out><![CDATA[
Scenario: Solicitar al servidor el jwt                           &amp#27;[90m# apitests/user.feature:25&amp#27;[0m
  &amp#27;[32mGiven &amp#27;[0m&amp#27;[32mla API está disponible en &amp#27;[0m&amp#27;[32m&amp#27;[1m"http://localhost:8087/api/v1"&amp#27;[0m &amp#27;[90m# apitests.StepDefinitions.la_api_esta_disponible(java.lang.String)&amp#27;[0m
  &amp#27;[32mWhen &amp#27;[0m&amp#27;[32menvío una solicitud POST a &amp#27;[0m&amp#27;[32m&amp#27;[1m"/auth/login"&amp#27;[0m&amp#27;[32m con el cuerpo:&amp#27;[0m   &amp#27;[90m# apitests.StepDefinitions.envio_post_con_body(java.lang.String,java.lang.String)&amp#27;[0m
    """
    {
     "username": "jose.alejandro",
     "password": "Password1)S1"
    }
    """
  &amp#27;[32mThen &amp#27;[0m&amp#27;[32mel cuerpo de respuesta debe contener el campo &amp#27;[0m&amp#27;[32m&amp#27;[1m"token"&amp#27;[0m     &amp#27;[90m# apitests.StepDefinitions.verificar_campo_en_respuesta(java.lang.String)&amp#27;[0m
]]></system-out>
  </testcase>
  <testcase name="Gestión de usuarios vía API REST - Crear, autenticar y eliminar un usuario" classname="Gestión de usuarios vía API REST" time="0.673">
    <system-out><![CDATA[
Scenario: Crear, autenticar y eliminar un usuario                &amp#27;[90m# apitests/user.feature:35&amp#27;[0m
  &amp#27;[32mGiven &amp#27;[0m&amp#27;[32mla API está disponible en &amp#27;[0m&amp#27;[32m&amp#27;[1m"http://localhost:8087/api/v1"&amp#27;[0m &amp#27;[90m# apitests.StepDefinitions.la_api_esta_disponible(java.lang.String)&amp#27;[0m
  &amp#27;[32mWhen &amp#27;[0m&amp#27;[32menvío una solicitud POST a &amp#27;[0m&amp#27;[32m&amp#27;[1m"/users"&amp#27;[0m&amp#27;[32m con el cuerpo:&amp#27;[0m        &amp#27;[90m# apitests.StepDefinitions.envio_post_con_body(java.lang.String,java.lang.String)&amp#27;[0m
    """
    {
     "username": "jose.alejandro",
     "password": "Password1)S1",
     "firstName": "Jose",
     "lastName": "Zapata",
     "email": "josezapata75235@gmail.com",
     "country": "Colombia",
     "phonePrefix": "+57",
     "phone": "3152971212",
     "dateBirth": "2000-02-03",
     "role": "PROFESSOR"
    }
    """
  &amp#27;[32mAnd &amp#27;[0m&amp#27;[32mel cuerpo de respuesta debe contener el campo &amp#27;[0m&amp#27;[32m&amp#27;[1m"id"&amp#27;[0m         &amp#27;[90m# apitests.StepDefinitions.verificar_campo_en_respuesta(java.lang.String)&amp#27;[0m
  &amp#27;[32mWhen &amp#27;[0m&amp#27;[32menvío una solicitud POST a &amp#27;[0m&amp#27;[32m&amp#27;[1m"/auth/login"&amp#27;[0m&amp#27;[32m con el cuerpo:&amp#27;[0m   &amp#27;[90m# apitests.StepDefinitions.envio_post_con_body(java.lang.String,java.lang.String)&amp#27;[0m
    """
    {
     "username": "jose.alejandro",
     "password": "Password1)S1"
    }
    """
  &amp#27;[32mAnd &amp#27;[0m&amp#27;[32mla respuesta debe tener un código &amp#27;[0m&amp#27;[32m&amp#27;[1m200&amp#27;[0m                      &amp#27;[90m# apitests.StepDefinitions.verificar_codigo(int)&amp#27;[0m
  &amp#27;[32mAnd &amp#27;[0m&amp#27;[32mexiste un usuario con ID &amp#27;[0m&amp#27;[32m&amp#27;[1m1&amp#27;[0m                                 &amp#27;[90m# apitests.StepDefinitions.existe_un_usuario_con_id(java.lang.Integer)&amp#27;[0m
my urlhttp://localhost:8087/api/v1/users/1
  &amp#27;[32mWhen &amp#27;[0m&amp#27;[32menvío una solicitud DELETE a &amp#27;[0m&amp#27;[32m&amp#27;[1m"/users"&amp#27;[0m                     &amp#27;[90m# apitests.StepDefinitions.envio_delete(java.lang.String)&amp#27;[0m
  &amp#27;[32mThen &amp#27;[0m&amp#27;[32mla respuesta debe tener un código &amp#27;[0m&amp#27;[32m&amp#27;[1m204&amp#27;[0m                     &amp#27;[90m# apitests.StepDefinitions.verificar_codigo(int)&amp#27;[0m
]]></system-out>
  </testcase>
  <testcase name="Gestión de usuarios vía API REST - Crear usuarios, autenticar y listar usuarios" classname="Gestión de usuarios vía API REST" time="0.708">
    <system-out><![CDATA[
Scenario: Crear usuarios, autenticar y listar usuarios           &amp#27;[90m# apitests/user.feature:64&amp#27;[0m
  &amp#27;[32mGiven &amp#27;[0m&amp#27;[32mla API está disponible en &amp#27;[0m&amp#27;[32m&amp#27;[1m"http://localhost:8087/api/v1"&amp#27;[0m &amp#27;[90m# apitests.StepDefinitions.la_api_esta_disponible(java.lang.String)&amp#27;[0m
  &amp#27;[32mWhen &amp#27;[0m&amp#27;[32menvío una solicitud POST a &amp#27;[0m&amp#27;[32m&amp#27;[1m"/users"&amp#27;[0m&amp#27;[32m con el cuerpo:&amp#27;[0m        &amp#27;[90m# apitests.StepDefinitions.envio_post_con_body(java.lang.String,java.lang.String)&amp#27;[0m
    """
    {
     "username": "jose.alejandro",
     "password": "Password1)S1",
     "firstName": "Jose",
     "lastName": "Zapata",
     "email": "jazapatao_1@uqvirtual.edu.co",
     "country": "Colombia",
     "phonePrefix": "+57",
     "phone": "3152971212",
     "dateBirth": "2000-02-03",
     "role": "PROFESSOR"
    }
    """
  &amp#27;[32mAnd &amp#27;[0m&amp#27;[32mel cuerpo de respuesta debe contener el campo &amp#27;[0m&amp#27;[32m&amp#27;[1m"id"&amp#27;[0m         &amp#27;[90m# apitests.StepDefinitions.verificar_campo_en_respuesta(java.lang.String)&amp#27;[0m
  &amp#27;[32mWhen &amp#27;[0m&amp#27;[32menvío una solicitud POST a &amp#27;[0m&amp#27;[32m&amp#27;[1m"/users"&amp#27;[0m&amp#27;[32m con el cuerpo:&amp#27;[0m        &amp#27;[90m# apitests.StepDefinitions.envio_post_con_body(java.lang.String,java.lang.String)&amp#27;[0m
    """
    {
     "username": "bryan.gomez",
     "password": "Password1)S1",
     "firstName": "Bryan",
     "lastName": "Gomez",
     "email": "jazapatao_1@uqvirtual.edu.co",
     "country": "Colombia",
     "phonePrefix": "+57",
     "phone": "3152971212",
     "dateBirth": "2000-02-03",
     "role": "STUDENT"
    }
    """
  &amp#27;[32mAnd &amp#27;[0m&amp#27;[32mel cuerpo de respuesta debe contener el campo &amp#27;[0m&amp#27;[32m&amp#27;[1m"id"&amp#27;[0m         &amp#27;[90m# apitests.StepDefinitions.verificar_campo_en_respuesta(java.lang.String)&amp#27;[0m
  &amp#27;[32mWhen &amp#27;[0m&amp#27;[32menvío una solicitud POST a &amp#27;[0m&amp#27;[32m&amp#27;[1m"/auth/login"&amp#27;[0m&amp#27;[32m con el cuerpo:&amp#27;[0m   &amp#27;[90m# apitests.StepDefinitions.envio_post_con_body(java.lang.String,java.lang.String)&amp#27;[0m
    """
    {
     "username": "jose.alejandro",
     "password": "Password1)S1"
    }
    """
  &amp#27;[32mAnd &amp#27;[0m&amp#27;[32mla respuesta debe tener un código &amp#27;[0m&amp#27;[32m&amp#27;[1m200&amp#27;[0m                      &amp#27;[90m# apitests.StepDefinitions.verificar_codigo(int)&amp#27;[0m
  &amp#27;[32mWhen &amp#27;[0m&amp#27;[32menvío una solicitud GET a &amp#27;[0m&amp#27;[32m&amp#27;[1m"/users"&amp#27;[0m                        &amp#27;[90m# apitests.StepDefinitions.envio_get(java.lang.String)&amp#27;[0m
  &amp#27;[32mThen &amp#27;[0m&amp#27;[32mla respuesta debe tener un código &amp#27;[0m&amp#27;[32m&amp#27;[1m200&amp#27;[0m                     &amp#27;[90m# apitests.StepDefinitions.verificar_codigo(int)&amp#27;[0m
  &amp#27;[32mAnd &amp#27;[0m&amp#27;[32mel cuerpo debe ser una lista de usuarios&amp#27;[0m                   &amp#27;[90m# apitests.StepDefinitions.verificar_lista()&amp#27;[0m
]]></system-out>
  </testcase>
  <testcase name="Gestión de usuarios vía API REST - Crear y eliminar un usuario sin token" classname="Gestión de usuarios vía API REST" time="0.235">
    <system-out><![CDATA[
Scenario: Crear y eliminar un usuario sin token                  &amp#27;[90m# apitests/user.feature:109&amp#27;[0m
  &amp#27;[32mGiven &amp#27;[0m&amp#27;[32mla API está disponible en &amp#27;[0m&amp#27;[32m&amp#27;[1m"http://localhost:8087/api/v1"&amp#27;[0m &amp#27;[90m# apitests.StepDefinitions.la_api_esta_disponible(java.lang.String)&amp#27;[0m
  &amp#27;[32mWhen &amp#27;[0m&amp#27;[32menvío una solicitud POST a &amp#27;[0m&amp#27;[32m&amp#27;[1m"/users"&amp#27;[0m&amp#27;[32m con el cuerpo:&amp#27;[0m        &amp#27;[90m# apitests.StepDefinitions.envio_post_con_body(java.lang.String,java.lang.String)&amp#27;[0m
    """
    {
     "username": "jose.alejandro",
     "password": "Password1)S1",
     "firstName": "Jose",
     "lastName": "Zapata",
     "email": "josezapata75235@gmail.com",
     "country": "Colombia",
     "phonePrefix": "+57",
     "phone": "3152971212",
     "dateBirth": "2000-02-03",
     "role": "PROFESSOR"
    }
    """
  &amp#27;[32mAnd &amp#27;[0m&amp#27;[32mel cuerpo de respuesta debe contener el campo &amp#27;[0m&amp#27;[32m&amp#27;[1m"id"&amp#27;[0m         &amp#27;[90m# apitests.StepDefinitions.verificar_campo_en_respuesta(java.lang.String)&amp#27;[0m
  &amp#27;[32mGiven &amp#27;[0m&amp#27;[32mexiste un usuario con ID &amp#27;[0m&amp#27;[32m&amp#27;[1m1&amp#27;[0m                               &amp#27;[90m# apitests.StepDefinitions.existe_un_usuario_con_id(java.lang.Integer)&amp#27;[0m
my urlhttp://localhost:8087/api/v1/users/1
  &amp#27;[32mWhen &amp#27;[0m&amp#27;[32menvío una solicitud DELETE a &amp#27;[0m&amp#27;[32m&amp#27;[1m"/users"&amp#27;[0m                     &amp#27;[90m# apitests.StepDefinitions.envio_delete(java.lang.String)&amp#27;[0m
  &amp#27;[32mThen &amp#27;[0m&amp#27;[32mla respuesta debe tener un código &amp#27;[0m&amp#27;[32m&amp#27;[1m401&amp#27;[0m                     &amp#27;[90m# apitests.StepDefinitions.verificar_codigo(int)&amp#27;[0m
]]></system-out>
  </testcase>
  <testcase name="Gestión de usuarios vía API REST - Listar todos los usuarios sin token" classname="Gestión de usuarios vía API REST" time="0.021">
    <system-out><![CDATA[
Scenario: Listar todos los usuarios sin token                    &amp#27;[90m# apitests/user.feature:130&amp#27;[0m
  &amp#27;[32mGiven &amp#27;[0m&amp#27;[32mla API está disponible en &amp#27;[0m&amp#27;[32m&amp#27;[1m"http://localhost:8087/api/v1"&amp#27;[0m &amp#27;[90m# apitests.StepDefinitions.la_api_esta_disponible(java.lang.String)&amp#27;[0m
  &amp#27;[32mWhen &amp#27;[0m&amp#27;[32menvío una solicitud GET a &amp#27;[0m&amp#27;[32m&amp#27;[1m"/users"&amp#27;[0m                        &amp#27;[90m# apitests.StepDefinitions.envio_get(java.lang.String)&amp#27;[0m
  &amp#27;[32mThen &amp#27;[0m&amp#27;[32mla respuesta debe tener un código &amp#27;[0m&amp#27;[32m&amp#27;[1m401&amp#27;[0m                     &amp#27;[90m# apitests.StepDefinitions.verificar_codigo(int)&amp#27;[0m
]]></system-out>
  </testcase>
</testsuite>